<?xml version="1.0" encoding="UTF-8"?>
<!-- Generated by org.testng.reporters.JUnitXMLReporter -->
<testsuite ignored="0" hostname="DESKTOP-0E95FKB" failures="0" tests="2" name="Cucumber Tests" time="11.75" errors="0" timestamp="2026-06-11T13:42:03 IST">
  <testcase classname="io.cucumber.testng.AbstractTestNGCucumberTests" name="runScenario" time="8.767"/>
  <testcase classname="io.cucumber.testng.AbstractTestNGCucumberTests" name="runScenario" time="8.856"/>
</testsuite> <!-- Cucumber Tests -->
