<?xml version="1.0" encoding="UTF-8"?>
<testng-results ignored="0" total="4" passed="4" failed="0" skipped="0">
  <reporter-output>
  </reporter-output>
  <suite started-at="2026-06-11T14:00:02 IST" name="Default suite" finished-at="2026-06-11T14:00:24 IST" duration-ms="22634">
    <groups>
      <group name="cucumber">
        <method signature="AbstractTestNGCucumberTests.runScenario(io.cucumber.testng.PickleWrapper,io.cucumber.testng.FeatureWrapper)[pri:0, instance:runner.TestRunner@37271612]" name="runScenario" class="io.cucumber.testng.AbstractTestNGCucumberTests"/>
      </group> <!-- cucumber -->
    </groups>
    <test started-at="2026-06-11T14:00:02 IST" name="Default test" finished-at="2026-06-11T14:00:24 IST" duration-ms="22634">
      <class name="runner.TestRunner">
        <test-method is-config="true" signature="setUpClass(org.testng.ITestContext)[pri:0, instance:runner.TestRunner@37271612]" started-at="2026-06-11T14:00:02 IST" name="setUpClass" finished-at="2026-06-11T14:00:03 IST" duration-ms="1320" status="PASS">
          <params>
            <param index="0">
              <value>
                <![CDATA[org.testng.TestRunner@4da9f723]]>
              </value>
            </param>
          </params>
          <reporter-output>
          </reporter-output>
        </test-method> <!-- setUpClass -->
        <test-method signature="runScenario(io.cucumber.testng.PickleWrapper,io.cucumber.testng.FeatureWrapper)[pri:0, instance:runner.TestRunner@37271612]" started-at="2026-06-11T14:00:03 IST" name="runScenario" description="Runs Cucumber Scenarios" data-provider="scenarios" finished-at="2026-06-11T14:00:16 IST" duration-ms="12381" status="PASS">
          <params>
            <param index="0">
              <value>
                <![CDATA["Verify Login Functionality for Invalid User"]]>
              </value>
            </param>
            <param index="1">
              <value>
                <![CDATA["Login Functionality Verification"]]>
              </value>
            </param>
          </params>
          <reporter-output>
          </reporter-output>
        </test-method> <!-- runScenario -->
        <test-method signature="runScenario(io.cucumber.testng.PickleWrapper,io.cucumber.testng.FeatureWrapper)[pri:0, instance:runner.TestRunner@37271612]" started-at="2026-06-11T14:00:03 IST" name="runScenario" description="Runs Cucumber Scenarios" data-provider="scenarios" finished-at="2026-06-11T14:00:17 IST" duration-ms="13367" status="PASS">
          <params>
            <param index="0">
              <value>
                <![CDATA["Verify Login Functionality for Valid User"]]>
              </value>
            </param>
            <param index="1">
              <value>
                <![CDATA["Login Functionality Verification"]]>
              </value>
            </param>
          </params>
          <reporter-output>
          </reporter-output>
        </test-method> <!-- runScenario -->
        <test-method signature="runScenario(io.cucumber.testng.PickleWrapper,io.cucumber.testng.FeatureWrapper)[pri:0, instance:runner.TestRunner@37271612]" started-at="2026-06-11T14:00:03 IST" name="runScenario" description="Runs Cucumber Scenarios" data-provider="scenarios" finished-at="2026-06-11T14:00:24 IST" duration-ms="20515" status="PASS">
          <params>
            <param index="0">
              <value>
                <![CDATA["Verify E2E Workflow of Ordering Products"]]>
              </value>
            </param>
            <param index="1">
              <value>
                <![CDATA["Order Products"]]>
              </value>
            </param>
          </params>
          <reporter-output>
          </reporter-output>
        </test-method> <!-- runScenario -->
        <test-method signature="runScenario(io.cucumber.testng.PickleWrapper,io.cucumber.testng.FeatureWrapper)[pri:0, instance:runner.TestRunner@37271612]" started-at="2026-06-11T14:00:03 IST" name="runScenario" description="Runs Cucumber Scenarios" data-provider="scenarios" finished-at="2026-06-11T14:00:24 IST" duration-ms="20722" status="PASS">
          <params>
            <param index="0">
              <value>
                <![CDATA["Verify E2E Workflow of Ordering Products"]]>
              </value>
            </param>
            <param index="1">
              <value>
                <![CDATA["Order Products"]]>
              </value>
            </param>
          </params>
          <reporter-output>
          </reporter-output>
        </test-method> <!-- runScenario -->
        <test-method is-config="true" signature="tearDownClass()[pri:0, instance:runner.TestRunner@37271612]" started-at="2026-06-11T14:00:24 IST" name="tearDownClass" finished-at="2026-06-11T14:00:24 IST" duration-ms="526" status="PASS">
          <reporter-output>
          </reporter-output>
        </test-method> <!-- tearDownClass -->
      </class> <!-- runner.TestRunner -->
    </test> <!-- Default test -->
  </suite> <!-- Default suite -->
</testng-results>
