<?xml version="1.0" encoding="UTF-8"?>
<!-- Generated by org.testng.reporters.JUnitReportReporter -->
<testsuite hostname="DESKTOP-0E95FKB" failures="0" tests="4" name="runner.TestRunner" time="66.985" errors="0" timestamp="2026-06-11T14:00:25 IST" skipped="0">
  <testcase classname="runner.TestRunner" name="runScenario" time="12.381"/>
  <testcase classname="runner.TestRunner" name="runScenario" time="13.367"/>
  <testcase classname="runner.TestRunner" name="runScenario" time="20.515"/>
  <testcase classname="runner.TestRunner" name="runScenario" time="20.722"/>
</testsuite> <!-- runner.TestRunner -->
